<?xml version="1.0" encoding="UTF-8"?>
<!-- Generated by org.testng.reporters.JUnitXMLReporter -->
<testsuite hostname="LAPTOP-N6TP8M6I" ignored="4" name="CreateAndEdit" tests="2" failures="1" timestamp="23 Jun 2018 04:38:27 GMT" time="66.736" errors="0">
  <testcase name="main" time="29.979" classname="tests.EditLead"/>
  <testcase name="main" time="17.742" classname="tests.CreateAccount">
    <failure type="java.lang.NullPointerException">
      <![CDATA[java.lang.NullPointerException
at lib.selenium.WebDriverServiceImpl.type(WebDriverServiceImpl.java:54)
at tests.CreateAccount.main(CreateAccount.java:24)
... Removed 25 stack frames]]>
    </failure>
  </testcase> <!-- main -->
  <testcase name="@AfterSuite afterSuite" time="0.0" classname="lib.selenium.PreAndPost">
    <ignored/>
  </testcase> <!-- @AfterSuite afterSuite -->
  <testcase name="@BeforeTest beforeTest" time="0.0" classname="lib.selenium.PreAndPost">
    <ignored/>
  </testcase> <!-- @BeforeTest beforeTest -->
  <testcase name="@AfterTest afterTest" time="0.0" classname="lib.selenium.PreAndPost">
    <ignored/>
  </testcase> <!-- @AfterTest afterTest -->
  <testcase name="@BeforeSuite beforeSuite" time="0.0" classname="lib.selenium.PreAndPost">
    <ignored/>
  </testcase> <!-- @BeforeSuite beforeSuite -->
</testsuite> <!-- CreateAndEdit -->
